
-- DML
create table partition1 (id int, area int, name string) partitioned by (areaid int) row format delimited fields terminated by ',' stored as TEXTFILE;
create table partition2 (area int, name string) partitioned by (areaid int) row format delimited fields terminated by ',' stored as TEXTFILE;
create table partition3 (id int, area int, name string, city string) partitioned by (areaid int) row format delimited fields terminated by ',' stored as TEXTFILE;

-- Multiple insert 
from partition1 p1, partition2 p2
insert into table partition3 partition (areaid = 1) select p1.id, p1.area, p1.name, p2.name where p1.area = p2.area and p1.areaid = 1 and p2.areaid = 1
insert into table partition3 partition (areaid = 2) select p1.id, p1.area, p1.name, p2.name where p1.area = p2.area and p1.areaid = 2 and p2.areaid = 2;

-- EXPLAIN
hive> explain
    > from partition1 p1, partition2 p2
    > insert into table partition3 partition (areaid = 1) select p1.id, p1.area, p1.name, p2.name where p1.area = p2.area and p1.areaid = 1 and p2.areaid = 1
    > insert into table partition3 partition (areaid = 2) select p1.id, p1.area, p1.name, p2.name where p1.area = p2.area and p1.areaid = 2 and p2.areaid = 2;
Warning: Map Join MAPJOIN[11][bigTable=p1] in task 'Stage-6:MAPRED' is a cross product
OK
STAGE DEPENDENCIES:
  Stage-7 is a root stage
  Stage-6 depends on stages: Stage-7
  Stage-0 depends on stages: Stage-6
  Stage-3 depends on stages: Stage-0
  Stage-1 depends on stages: Stage-6
  Stage-4 depends on stages: Stage-1

STAGE PLANS:
  Stage: Stage-7
    Map Reduce Local Work
      Alias -> Map Local Tables:
        p2
          Fetch Operator
            limit: -1
      Alias -> Map Local Operator Tree:
        p2
          TableScan
            alias: p2
            Statistics: Num rows: 0 Data size: 73 Basic stats: PARTIAL Column stats: NONE
            HashTable Sink Operator
              condition expressions:
                0 {id} {area} {name} {areaid}
                1 {area} {name} {areaid}
              keys:
                0
                1

  Stage: Stage-6
    Map Reduce
      Map Operator Tree:
          TableScan
            alias: p1
            Statistics: Num rows: 0 Data size: 80 Basic stats: PARTIAL Column stats: NONE
            Map Join Operator
              condition map:
                   Inner Join 0 to 1
              condition expressions:
                0 {id} {area} {name} {areaid}
                1 {area} {name} {areaid}
              keys:
                0
                1
              outputColumnNames: _col0, _col1, _col2, _col3, _col6, _col7, _col8
              Statistics: Num rows: 0 Data size: 88 Basic stats: PARTIAL Column stats: NONE
              Filter Operator
                predicate: (((_col1 = _col6) and (_col3 = 1)) and (_col8 = 1)) (type: boolean)
                Statistics: Num rows: 0 Data size: 0 Basic stats: NONE Column stats: NONE
                Select Operator
                  expressions: _col0 (type: int), _col1 (type: int), _col2 (type: string), _col7 (type: string)
                  outputColumnNames: _col0, _col1, _col2, _col3
                  Statistics: Num rows: 0 Data size: 0 Basic stats: NONE Column stats: NONE
                  File Output Operator
                    compressed: false
                    Statistics: Num rows: 0 Data size: 0 Basic stats: NONE Column stats: NONE
                    table:
                        input format: org.apache.hadoop.mapred.TextInputFormat
                        output format: org.apache.hadoop.hive.ql.io.HiveIgnoreKeyTextOutputFormat
                        serde: org.apache.hadoop.hive.serde2.lazy.LazySimpleSerDe
                        name: default.partition3
              Filter Operator
                predicate: (((_col1 = _col6) and (_col3 = 2)) and (_col8 = 2)) (type: boolean)
                Statistics: Num rows: 0 Data size: 0 Basic stats: NONE Column stats: NONE
                Select Operator
                  expressions: _col0 (type: int), _col1 (type: int), _col2 (type: string), _col7 (type: string)
                  outputColumnNames: _col0, _col1, _col2, _col3
                  Statistics: Num rows: 0 Data size: 0 Basic stats: NONE Column stats: NONE
                  File Output Operator
                    compressed: false
                    Statistics: Num rows: 0 Data size: 0 Basic stats: NONE Column stats: NONE
                    table:
                        input format: org.apache.hadoop.mapred.TextInputFormat
                        output format: org.apache.hadoop.hive.ql.io.HiveIgnoreKeyTextOutputFormat
                        serde: org.apache.hadoop.hive.serde2.lazy.LazySimpleSerDe
                        name: default.partition3
      Local Work:
        Map Reduce Local Work

  Stage: Stage-0
    Move Operator
      tables:
          partition:
            areaid 1
          replace: false
          table:
              input format: org.apache.hadoop.mapred.TextInputFormat
              output format: org.apache.hadoop.hive.ql.io.HiveIgnoreKeyTextOutputFormat
              serde: org.apache.hadoop.hive.serde2.lazy.LazySimpleSerDe
              name: default.partition3

  Stage: Stage-3
    Stats-Aggr Operator

  Stage: Stage-1
    Move Operator
      tables:
          partition:
            areaid 2
          replace: false
          table:
              input format: org.apache.hadoop.mapred.TextInputFormat
              output format: org.apache.hadoop.hive.ql.io.HiveIgnoreKeyTextOutputFormat
              serde: org.apache.hadoop.hive.serde2.lazy.LazySimpleSerDe
              name: default.partition3

  Stage: Stage-4
    Stats-Aggr Operator

